\BOOKMARK [1][-]{section*.1}{\376\377\000P\000a\000c\000k\000a\000g\000e\000s}{}% 1
\BOOKMARK [2][-]{section*.2}{\376\377\000I\000n\000s\000t\000a\000l\000l\000\040\000t\000i\000d\000y\000v\000e\000r\000s\000e\000\040\000i\000n\000t\000o\000\040\000y\000o\000u\000r\000\040\000c\000o\000m\000p\000u\000t\000e\000r\000.}{section*.1}% 2
\BOOKMARK [2][-]{section*.3}{\376\377\000W\000e\000\040\000a\000r\000e\000\040\000g\000o\000i\000n\000g\000\040\000t\000o\000\040\000w\000o\000r\000k\000\040\000w\000i\000t\000h\000\040\000d\000a\000t\000a\000s\000e\000t\000s\000\040\000i\000n\000\040\000E\000D\000A\000W\000R\000.}{section*.1}% 3
\BOOKMARK [2][-]{section*.4}{\376\377\000L\000o\000a\000d\000\040\000p\000a\000c\000k\000a\000g\000e\000s}{section*.1}% 4
\BOOKMARK [1][-]{section*.5}{\376\377\000P\000i\000p\000e\000\040\000o\000p\000e\000r\000a\000t\000o\000r\000,\000\040\000d\000p\000l\000y\000r\000,\000\040\000a\000n\000d\000\040\000t\000i\000d\000y\000r}{}% 5
\BOOKMARK [1][-]{section*.6}{\376\377\000R\000e\000c\000a\000l\000l\000:\000\040\000P\000i\000p\000e\000\040\000o\000p\000e\000r\000a\000t\000o\000r\000\040\000\050\000\045\000>\000\045\000\051}{}% 6
\BOOKMARK [2][-]{section*.7}{\376\377\000t\000i\000d\000y\000r\000\040\000f\000u\000n\000c\000t\000i\000o\000n\000s\000\040\000\050\000T\000h\000e\000y\000\040\000a\000r\000e\000\040\000a\000l\000s\000o\000\040\000c\000a\000l\000l\000e\000d\000\040\000t\000i\000d\000y\000\040\000R\000\040\000v\000e\000r\000b\000s\000\051}{section*.6}% 7
\BOOKMARK [1][-]{section*.8}{\376\377\000p\000i\000v\000o\000t\000\137\000l\000o\000n\000g\000e\000r\000\050\000\051}{}% 8
\BOOKMARK [2][-]{section*.9}{\376\377\000O\000t\000h\000e\000r\000\040\000a\000p\000p\000r\000o\000a\000c\000h\000e\000s\000\040\000t\000o\000\040\000d\000o\000\040\000t\000h\000e\000\040\000s\000a\000m\000e\000\040\000t\000h\000i\000n\000g\000.}{section*.8}% 9
\BOOKMARK [1][-]{section*.10}{\376\377\000p\000i\000v\000o\000t\000\137\000w\000i\000d\000e\000r\000\050\000\051\000:\000\040\000M\000a\000k\000e\000s\000\040\000l\000o\000n\000g\000e\000r\000\040\000d\000a\000t\000a\000\040\000f\000o\000r\000m\000a\000t\000s\000\040\000w\000i\000d\000e\000r\000.}{}% 10
\BOOKMARK [1][-]{section*.11}{\376\377\000W\000h\000e\000n\000\040\000c\000o\000u\000l\000d\000\040\000I\000\040\000u\000s\000e\000\040\000t\000h\000e\000s\000e\000\040\000o\000p\000e\000r\000a\000t\000i\000o\000n\000s\000?}{}% 11
\BOOKMARK [2][-]{section*.12}{\376\377\000s\000e\000p\000a\000r\000a\000t\000e\000\050\000\051}{section*.11}% 12
\BOOKMARK [1][-]{section*.13}{\376\377\000u\000n\000i\000t\000e\000\050\000\051}{}% 13
\BOOKMARK [1][-]{section*.14}{\376\377\000d\000p\000l\000y\000r\000\040\000p\000a\000c\000k\000a\000g\000e}{}% 14
\BOOKMARK [1][-]{section*.15}{\376\377\000g\000r\000o\000u\000p\000\137\000b\000y\000\050\000\051}{}% 15
\BOOKMARK [1][-]{section*.16}{\376\377\000s\000u\000m\000m\000a\000r\000i\000z\000e\000\050\000\051\000\040\000\050\000A\000m\000e\000r\000i\000c\000a\000n\000\051\000\040\000o\000r\000\040\000s\000u\000m\000m\000a\000r\000i\000s\000e\000\050\000\051\000\040\000\050\000B\000r\000i\000t\000i\000s\000h\000\051}{}% 16
\BOOKMARK [1][-]{section*.17}{\376\377\000u\000n\000g\000r\000o\000u\000p\000\050\000\051}{}% 17
\BOOKMARK [1][-]{section*.18}{\376\377\000J\000o\000i\000n\000\040\000o\000p\000e\000r\000a\000t\000i\000o\000n\000s}{}% 18
\BOOKMARK [1][-]{section*.19}{\376\377\000I\000l\000l\000u\000s\000t\000r\000a\000t\000i\000o\000n\000\040\000w\000i\000t\000h\000\040\000t\000w\000o\000\040\000s\000i\000m\000p\000l\000e\000\040\000d\000a\000t\000a\000\040\000s\000e\000t\000s\000.}{}% 19
\BOOKMARK [1][-]{section*.20}{\376\377\000i\000n\000n\000e\000r\000\137\000j\000o\000i\000n\000\050\000\051}{}% 20
\BOOKMARK [1][-]{section*.21}{\376\377\000l\000e\000f\000t\000\137\000j\000o\000i\000n\000\050\000\051}{}% 21
\BOOKMARK [1][-]{section*.22}{\376\377\000r\000i\000g\000h\000t\000\137\000j\000o\000i\000n\000\050\000\051}{}% 22
\BOOKMARK [1][-]{section*.23}{\376\377\000f\000u\000l\000l\000\137\000j\000o\000i\000n\000\050\000\051}{}% 23
\BOOKMARK [1][-]{section*.24}{\376\377\000S\000u\000m\000m\000a\000r\000y}{}% 24
