This is pdfTeX, Version 3.14159265-2.6-1.40.20 (TeX Live 2019) (preloaded format=pdflatex 2020.2.8)  3 MAR 2020 05:39
entering extended mode
 restricted \write18 enabled.
 %&-line parsing enabled.
**2020ASP46020.tex
(./2020ASP46020.tex
LaTeX2e <2020-02-02>
L3 programming layer <2020-02-03>
(/Users/thiyangashaminitalagala/Library/TinyTeX/texmf-dist/tex/latex/base/artic
le.cls
Document Class: article 2019/12/20 v1.4l Standard LaTeX document class

(/Users/thiyangashaminitalagala/Library/TinyTeX/texmf-dist/tex/latex/base/size1
2.clo
File: size12.clo 2019/12/20 v1.4l Standard LaTeX file (size option)
)
\c@part=\count167
\c@section=\count168
\c@subsection=\count169
\c@subsubsection=\count170
\c@paragraph=\count171
\c@subparagraph=\count172
\c@figure=\count173
\c@table=\count174
\abovecaptionskip=\skip47
\belowcaptionskip=\skip48
\bibindent=\dimen134
)
(/Users/thiyangashaminitalagala/Library/TinyTeX/texmf-dist/tex/latex/graphics/g
raphicx.sty
Package: graphicx 2019/11/30 v1.2a Enhanced LaTeX Graphics (DPC,SPQR)

(/Users/thiyangashaminitalagala/Library/TinyTeX/texmf-dist/tex/latex/graphics/k
eyval.sty
Package: keyval 2014/10/28 v1.15 key=value parser (DPC)
\KV@toks@=\toks14
)
(/Users/thiyangashaminitalagala/Library/TinyTeX/texmf-dist/tex/latex/graphics/g
raphics.sty
Package: graphics 2019/11/30 v1.4a Standard LaTeX Graphics (DPC,SPQR)

(/Users/thiyangashaminitalagala/Library/TinyTeX/texmf-dist/tex/latex/graphics/t
rig.sty
Package: trig 2016/01/03 v1.10 sin cos tan (DPC)
)
(/Users/thiyangashaminitalagala/Library/TinyTeX/texmf-dist/tex/latex/graphics-c
fg/graphics.cfg
File: graphics.cfg 2016/06/04 v1.11 sample graphics configuration
)
Package graphics Info: Driver file: pdftex.def on input line 105.

(/Users/thiyangashaminitalagala/Library/TinyTeX/texmf-dist/tex/latex/graphics-d
ef/pdftex.def
File: pdftex.def 2018/01/08 v1.0l Graphics/color driver for pdftex
))
\Gin@req@height=\dimen135
\Gin@req@width=\dimen136
)
(/Users/thiyangashaminitalagala/Library/TinyTeX/texmf-dist/tex/latex/enumitem/e
numitem.sty
Package: enumitem 2019/06/20 v3.9 Customized lists
\labelindent=\skip49
\enit@outerparindent=\dimen137
\enit@toks=\toks15
\enit@inbox=\box45
\enit@count@id=\count175
\enitdp@description=\count176
)
(/Users/thiyangashaminitalagala/Library/TinyTeX/texmf-dist/tex/latex/setspace/s
etspace.sty
Package: setspace 2011/12/19 v6.7a set line spacing
)
(/Users/thiyangashaminitalagala/Library/TinyTeX/texmf-dist/tex/latex/tools/mult
icol.sty
Package: multicol 2019/12/09 v1.8y multicolumn formatting (FMi)
\c@tracingmulticols=\count177
\mult@box=\box46
\multicol@leftmargin=\dimen138
\c@unbalance=\count178
\c@collectmore=\count179
\doublecol@number=\count180
\multicoltolerance=\count181
\multicolpretolerance=\count182
\full@width=\dimen139
\page@free=\dimen140
\premulticols=\dimen141
\postmulticols=\dimen142
\multicolsep=\skip50
\multicolbaselineskip=\skip51
\partial@page=\box47
\last@line=\box48
\maxbalancingoverflow=\dimen143
\mult@rightbox=\box49
\mult@grightbox=\box50
\mult@gfirstbox=\box51
\mult@firstbox=\box52
\@tempa=\box53
\@tempa=\box54
\@tempa=\box55
\@tempa=\box56
\@tempa=\box57
\@tempa=\box58
\@tempa=\box59
\@tempa=\box60
\@tempa=\box61
\@tempa=\box62
\@tempa=\box63
\@tempa=\box64
\@tempa=\box65
\@tempa=\box66
\@tempa=\box67
\@tempa=\box68
\@tempa=\box69
\@tempa=\box70
\@tempa=\box71
\@tempa=\box72
\@tempa=\box73
\@tempa=\box74
\@tempa=\box75
\@tempa=\box76
\@tempa=\box77
\@tempa=\box78
\@tempa=\box79
\@tempa=\box80
\@tempa=\box81
\@tempa=\box82
\@tempa=\box83
\@tempa=\box84
\@tempa=\box85
\@tempa=\box86
\@tempa=\box87
\@tempa=\box88
\@tempa=\box89
\c@minrows=\count183
\c@columnbadness=\count184
\c@finalcolumnbadness=\count185
\last@try=\dimen144
\multicolovershoot=\dimen145
\multicolundershoot=\dimen146
\mult@nat@firstbox=\box90
\colbreak@box=\box91
\mc@col@check@num=\count186
)
(/Users/thiyangashaminitalagala/Library/TinyTeX/texmf-dist/tex/latex/graphics/c
olor.sty
Package: color 2019/11/23 v1.2a Standard LaTeX Color (DPC)

(/Users/thiyangashaminitalagala/Library/TinyTeX/texmf-dist/tex/latex/graphics-c
fg/color.cfg
File: color.cfg 2016/01/02 v1.6 sample color configuration
)
Package color Info: Driver file: pdftex.def on input line 147.
)
(/Users/thiyangashaminitalagala/Library/TinyTeX/texmf-dist/tex/latex/geometry/g
eometry.sty
Package: geometry 2020/01/02 v5.9 Page Geometry

(/Users/thiyangashaminitalagala/Library/TinyTeX/texmf-dist/tex/generic/iftex/if
vtex.sty
Package: ifvtex 2019/10/25 v1.7 ifvtex legacy package. Use iftex instead.

(/Users/thiyangashaminitalagala/Library/TinyTeX/texmf-dist/tex/generic/iftex/if
tex.sty
Package: iftex 2019/11/07 v1.0c TeX engine tests
))
\Gm@cnth=\count187
\Gm@cntv=\count188
\c@Gm@tempcnt=\count189
\Gm@bindingoffset=\dimen147
\Gm@wd@mp=\dimen148
\Gm@odd@mp=\dimen149
\Gm@even@mp=\dimen150
\Gm@layoutwidth=\dimen151
\Gm@layoutheight=\dimen152
\Gm@layouthoffset=\dimen153
\Gm@layoutvoffset=\dimen154
\Gm@dimlist=\toks16
)
(/Users/thiyangashaminitalagala/Library/TinyTeX/texmf-dist/tex/latex/hyperref/h
yperref.sty
Package: hyperref 2020/01/14 v7.00d Hypertext links for LaTeX

(/Users/thiyangashaminitalagala/Library/TinyTeX/texmf-dist/tex/generic/ltxcmds/
ltxcmds.sty
Package: ltxcmds 2019/12/15 v1.24 LaTeX kernel commands for general use (HO)
)
(/Users/thiyangashaminitalagala/Library/TinyTeX/texmf-dist/tex/latex/pdftexcmds
/pdftexcmds.sty
Package: pdftexcmds 2019/11/24 v0.31 Utility functions of pdfTeX for LuaTeX (HO
)

(/Users/thiyangashaminitalagala/Library/TinyTeX/texmf-dist/tex/generic/infwarer
r/infwarerr.sty
Package: infwarerr 2019/12/03 v1.5 Providing info/warning/error messages (HO)
)
Package pdftexcmds Info: \pdf@primitive is available.
Package pdftexcmds Info: \pdf@ifprimitive is available.
Package pdftexcmds Info: \pdfdraftmode found.
)
(/Users/thiyangashaminitalagala/Library/TinyTeX/texmf-dist/tex/generic/kvsetkey
s/kvsetkeys.sty
Package: kvsetkeys 2019/12/15 v1.18 Key value parser (HO)
)
(/Users/thiyangashaminitalagala/Library/TinyTeX/texmf-dist/tex/generic/kvdefine
keys/kvdefinekeys.sty
Package: kvdefinekeys 2019-12-19 v1.6 Define keys (HO)
)
(/Users/thiyangashaminitalagala/Library/TinyTeX/texmf-dist/tex/generic/pdfescap
e/pdfescape.sty
Package: pdfescape 2019/12/09 v1.15 Implements pdfTeX's escape features (HO)
)
(/Users/thiyangashaminitalagala/Library/TinyTeX/texmf-dist/tex/latex/hycolor/hy
color.sty
Package: hycolor 2020-01-27 v1.10 Color options for hyperref/bookmark (HO)
)
(/Users/thiyangashaminitalagala/Library/TinyTeX/texmf-dist/tex/latex/letltxmacr
o/letltxmacro.sty
Package: letltxmacro 2019/12/03 v1.6 Let assignment for LaTeX macros (HO)
)
(/Users/thiyangashaminitalagala/Library/TinyTeX/texmf-dist/tex/latex/auxhook/au
xhook.sty
Package: auxhook 2019-12-17 v1.6 Hooks for auxiliary files (HO)
)
(/Users/thiyangashaminitalagala/Library/TinyTeX/texmf-dist/tex/latex/kvoptions/
kvoptions.sty
Package: kvoptions 2019/11/29 v3.13 Key value format for package options (HO)
)
\@linkdim=\dimen155
\Hy@linkcounter=\count190
\Hy@pagecounter=\count191

(/Users/thiyangashaminitalagala/Library/TinyTeX/texmf-dist/tex/latex/hyperref/p
d1enc.def
File: pd1enc.def 2020/01/14 v7.00d Hyperref: PDFDocEncoding definition (HO)
Now handling font encoding PD1 ...
... no UTF-8 mapping file for font encoding PD1
)
(/Users/thiyangashaminitalagala/Library/TinyTeX/texmf-dist/tex/generic/intcalc/
intcalc.sty
Package: intcalc 2019/12/15 v1.3 Expandable calculations with integers (HO)
)
(/Users/thiyangashaminitalagala/Library/TinyTeX/texmf-dist/tex/generic/etexcmds
/etexcmds.sty
Package: etexcmds 2019/12/15 v1.7 Avoid name clashes with e-TeX commands (HO)
)
\Hy@SavedSpaceFactor=\count192
\pdfmajorversion=\count193
Package hyperref Info: Hyper figures OFF on input line 4547.
Package hyperref Info: Link nesting OFF on input line 4552.
Package hyperref Info: Hyper index ON on input line 4555.
Package hyperref Info: Plain pages OFF on input line 4562.
Package hyperref Info: Backreferencing OFF on input line 4567.
Package hyperref Info: Implicit mode ON; LaTeX internals redefined.
Package hyperref Info: Bookmarks ON on input line 4800.
\c@Hy@tempcnt=\count194

(/Users/thiyangashaminitalagala/Library/TinyTeX/texmf-dist/tex/latex/url/url.st
y
\Urlmuskip=\muskip16
Package: url 2013/09/16  ver 3.4  Verb mode for urls, etc.
)
LaTeX Info: Redefining \url on input line 5159.
\XeTeXLinkMargin=\dimen156

(/Users/thiyangashaminitalagala/Library/TinyTeX/texmf-dist/tex/generic/bitset/b
itset.sty
Package: bitset 2019/12/09 v1.3 Handle bit-vector datatype (HO)

(/Users/thiyangashaminitalagala/Library/TinyTeX/texmf-dist/tex/generic/bigintca
lc/bigintcalc.sty
Package: bigintcalc 2019/12/15 v1.5 Expandable calculations on big integers (HO
)
))
\Fld@menulength=\count195
\Field@Width=\dimen157
\Fld@charsize=\dimen158
Package hyperref Info: Hyper figures OFF on input line 6430.
Package hyperref Info: Link nesting OFF on input line 6435.
Package hyperref Info: Hyper index ON on input line 6438.
Package hyperref Info: backreferencing OFF on input line 6445.
Package hyperref Info: Link coloring OFF on input line 6450.
Package hyperref Info: Link coloring with OCG OFF on input line 6455.
Package hyperref Info: PDF/A mode OFF on input line 6460.
LaTeX Info: Redefining \ref on input line 6500.
LaTeX Info: Redefining \pageref on input line 6504.

(/Users/thiyangashaminitalagala/Library/TinyTeX/texmf-dist/tex/generic/atbegshi
/atbegshi.sty
Package: atbegshi 2019/12/05 v1.19 At begin shipout hook (HO)
)
\Hy@abspage=\count196
\c@Item=\count197
\c@Hfootnote=\count198
)
Package hyperref Info: Driver (autodetected): hpdftex.

(/Users/thiyangashaminitalagala/Library/TinyTeX/texmf-dist/tex/latex/hyperref/h
pdftex.def
File: hpdftex.def 2020/01/14 v7.00d Hyperref driver for pdfTeX

(/Users/thiyangashaminitalagala/Library/TinyTeX/texmf-dist/tex/latex/atveryend/
atveryend.sty
Package: atveryend 2019-12-11 v1.11 Hooks at the very end of document (HO)
Package atveryend Info: \enddocument detected (standard20110627).
)
\Fld@listcount=\count199
\c@bookmark@seq@number=\count266

(/Users/thiyangashaminitalagala/Library/TinyTeX/texmf-dist/tex/latex/rerunfilec
heck/rerunfilecheck.sty
Package: rerunfilecheck 2019/12/05 v1.9 Rerun checks for auxiliary files (HO)

(/Users/thiyangashaminitalagala/Library/TinyTeX/texmf-dist/tex/generic/uniqueco
unter/uniquecounter.sty
Package: uniquecounter 2019/12/15 v1.4 Provide unlimited unique counter (HO)
)
Package uniquecounter Info: New unique counter `rerunfilecheck' on input line 2
86.
)
\Hy@SectionHShift=\skip52
)
(/Users/thiyangashaminitalagala/Library/TinyTeX/texmf-dist/tex/latex/l3backend/
l3backend-pdfmode.def
File: l3backend-pdfmode.def 2020-02-03 L3 backend support: PDF mode
\l__kernel_color_stack_int=\count267
\l__pdf_internal_box=\box92
) (./2020ASP46020.aux)
\openout1 = `2020ASP46020.aux'.

LaTeX Font Info:    Checking defaults for OML/cmm/m/it on input line 27.
LaTeX Font Info:    ... okay on input line 27.
LaTeX Font Info:    Checking defaults for OMS/cmsy/m/n on input line 27.
LaTeX Font Info:    ... okay on input line 27.
LaTeX Font Info:    Checking defaults for OT1/cmr/m/n on input line 27.
LaTeX Font Info:    ... okay on input line 27.
LaTeX Font Info:    Checking defaults for T1/cmr/m/n on input line 27.
LaTeX Font Info:    ... okay on input line 27.
LaTeX Font Info:    Checking defaults for TS1/cmr/m/n on input line 27.
LaTeX Font Info:    ... okay on input line 27.
LaTeX Font Info:    Checking defaults for OMX/cmex/m/n on input line 27.
LaTeX Font Info:    ... okay on input line 27.
LaTeX Font Info:    Checking defaults for U/cmr/m/n on input line 27.
LaTeX Font Info:    ... okay on input line 27.
LaTeX Font Info:    Checking defaults for PD1/pdf/m/n on input line 27.
LaTeX Font Info:    ... okay on input line 27.

(/Users/thiyangashaminitalagala/Library/TinyTeX/texmf-dist/tex/latex/epstopdf-p
kg/epstopdf-base.sty
Package: epstopdf-base 2020-01-24 v2.11 Base part for package epstopdf
Package epstopdf-base Info: Redefining graphics rule for `.eps' on input line 4
85.

(/Users/thiyangashaminitalagala/Library/TinyTeX/texmf-dist/tex/latex/latexconfi
g/epstopdf-sys.cfg
File: epstopdf-sys.cfg 2010/07/13 v1.3 Configuration of (r)epstopdf for TeX Liv
e
))
*geometry* driver: auto-detecting
*geometry* detected driver: pdftex
*geometry* verbose mode - [ preamble ] result:
* driver: pdftex
* paper: a4paper
* layout: <same size as paper>
* layoutoffset:(h,v)=(0.0pt,0.0pt)
* modes: 
* h-part:(L,W,R)=(56.9055pt, 483.69687pt, 56.9055pt)
* v-part:(T,H,B)=(56.9055pt, 731.23584pt, 56.9055pt)
* \paperwidth=597.50787pt
* \paperheight=845.04684pt
* \textwidth=483.69687pt
* \textheight=731.23584pt
* \oddsidemargin=-15.36449pt
* \evensidemargin=-15.36449pt
* \topmargin=-52.36449pt
* \headheight=12.0pt
* \headsep=25.0pt
* \topskip=12.0pt
* \footskip=30.0pt
* \marginparwidth=35.0pt
* \marginparsep=10.0pt
* \columnsep=10.0pt
* \skip\footins=10.8pt plus 4.0pt minus 2.0pt
* \hoffset=0.0pt
* \voffset=0.0pt
* \mag=1000
* \@twocolumnfalse
* \@twosidefalse
* \@mparswitchfalse
* \@reversemarginfalse
* (1in=72.27pt=25.4mm, 1cm=28.453pt)

\AtBeginShipoutBox=\box93
Package hyperref Info: Link coloring OFF on input line 27.

(/Users/thiyangashaminitalagala/Library/TinyTeX/texmf-dist/tex/latex/hyperref/n
ameref.sty
Package: nameref 2019/09/16 v2.46 Cross-referencing by name of section

(/Users/thiyangashaminitalagala/Library/TinyTeX/texmf-dist/tex/latex/refcount/r
efcount.sty
Package: refcount 2019/12/15 v3.6 Data extraction from label references (HO)
)
(/Users/thiyangashaminitalagala/Library/TinyTeX/texmf-dist/tex/generic/gettitle
string/gettitlestring.sty
Package: gettitlestring 2019/12/15 v1.6 Cleanup title references (HO)
)
\c@section@level=\count268
)
LaTeX Info: Redefining \ref on input line 27.
LaTeX Info: Redefining \pageref on input line 27.
LaTeX Info: Redefining \nameref on input line 27.
 (./2020ASP46020.out) (./2020ASP46020.out)
\@outlinefile=\write3
\openout3 = `2020ASP46020.out'.

<SJPLogo.jpg, id=4, 1894.07625pt x 1912.14375pt>
File: SJPLogo.jpg Graphic file (type jpg)
<use SJPLogo.jpg>
Package pdftex.def Info: SJPLogo.jpg  used on input line 31.
(pdftex.def)             Requested size: 1894.07164pt x 1912.1391pt.

Underfull \hbox (badness 10000) in paragraph at lines 60--61

 []


Underfull \hbox (badness 10000) in paragraph at lines 62--63

 []


Underfull \hbox (badness 10000) in paragraph at lines 64--66

 []


Underfull \hbox (badness 10000) in paragraph at lines 67--69

 []

[1

{/Users/thiyangashaminitalagala/Library/TinyTeX/texmf-var/fonts/map/pdftex/updm
ap/pdftex.map} <./SJPLogo.jpg>]
Underfull \hbox (badness 10000) in paragraph at lines 120--123

 []

Package atveryend Info: Empty hook `BeforeClearDocument' on input line 138.
[2]
Package atveryend Info: Empty hook `AfterLastShipout' on input line 138.
 (./2020ASP46020.aux)
Package atveryend Info: Executing hook `AtVeryEndDocument' on input line 138.
Package atveryend Info: Executing hook `AtEndAfterFileList' on input line 138.
Package rerunfilecheck Info: File `2020ASP46020.out' has not changed.
(rerunfilecheck)             Checksum: D41D8CD98F00B204E9800998ECF8427E;0.
Package atveryend Info: Empty hook `AtVeryVeryEnd' on input line 138.
 ) 
Here is how much of TeX's memory you used:
 5850 strings out of 483192
 94695 string characters out of 5964248
 358463 words of memory out of 5000000
 20764 multiletter control sequences out of 15000+600000
 533627 words of font info for 28 fonts, out of 8000000 for 9000
 14 hyphenation exceptions out of 8191
 34i,9n,29p,375b,308s stack positions out of 5000i,500n,10000p,200000b,80000s
 </Users/thiyangashaminitalagala/.TinyTeX/texmf-var/fonts/pk/ljfour/jknappen/
ec/tcrm1200.600pk></Users/thiyangashaminitalagala/Library/TinyTeX/texmf-dist/fo
nts/type1/public/amsfonts/cm/cmbx12.pfb></Users/thiyangashaminitalagala/Library
/TinyTeX/texmf-dist/fonts/type1/public/amsfonts/cm/cmr12.pfb></Users/thiyangash
aminitalagala/Library/TinyTeX/texmf-dist/fonts/type1/public/amsfonts/cm/cmti12.
pfb>
Output written on 2020ASP46020.pdf (2 pages, 859971 bytes).
PDF statistics:
 45 PDF objects out of 1000 (max. 8388607)
 35 compressed objects within 1 object stream
 11 named destinations out of 1000 (max. 500000)
 6 words of extra memory for PDF output out of 10000 (max. 10000000)

